<?xml version="1.0" encoding="UTF-8"?>
<!-- Generated by org.testng.reporters.JUnitReportReporter -->
<testsuite name="com.hybridframework.TestDataDrivenScript" tests="5" time="0.000" ignored="0" failures="0" timestamp="05 Feb 2018 03:15:17 GMT" skipped="0" hostname="MMDCDAJINKYABH" errors="0">
  <testcase name="testLogin" time="0.000" classname="com.hybridframework.TestDataDrivenScript"/>
  <testcase name="testLogin" time="0.000" classname="com.hybridframework.TestDataDrivenScript"/>
  <testcase name="testLogin" time="0.000" classname="com.hybridframework.TestDataDrivenScript"/>
  <testcase name="testLogin" time="0.000" classname="com.hybridframework.TestDataDrivenScript"/>
  <testcase name="testLogin" time="0.000" classname="com.hybridframework.TestDataDrivenScript"/>
</testsuite> <!-- com.hybridframework.TestDataDrivenScript -->
