<?xml version="1.0" encoding="UTF-8"?>
<!-- Generated by org.testng.reporters.JUnitReportReporter -->
<testsuite name="Homepage.TC_02" tests="1" time="9.942" ignored="0" failures="0" timestamp="21 Aug 2017 17:05:17 GMT" skipped="0" hostname="MMDCDAJINKYABH" errors="0">
  <testcase name="verifyAaddToCart" time="9.942" classname="Homepage.TC_02"/>
</testsuite> <!-- Homepage.TC_02 -->
