<?xml version="1.0" encoding="UTF-8"?>
<!-- Generated by org.testng.reporters.JUnitReportReporter -->
<testsuite name="Homepage.TC_05" tests="1" time="78.425" ignored="0" failures="0" timestamp="22 Aug 2017 17:10:23 GMT" skipped="0" hostname="MMDCDAJINKYABH" errors="0">
  <testcase name="verifyAaddToCart" time="78.425" classname="Homepage.TC_05"/>
</testsuite> <!-- Homepage.TC_05 -->
