<?xml version="1.0" encoding="UTF-8"?>
<!-- Generated by org.testng.reporters.JUnitReportReporter -->
<testsuite name="Homepage.TC_04" tests="1" time="52.446" ignored="0" failures="0" timestamp="22 Aug 2017 09:40:44 GMT" skipped="0" hostname="MMDCDAJINKYABH" errors="0">
  <testcase name="verifyAaddToCart" time="52.446" classname="Homepage.TC_04"/>
</testsuite> <!-- Homepage.TC_04 -->
