<?xml version="1.0" encoding="UTF-8"?>
<!-- Generated by org.testng.reporters.JUnitReportReporter -->
<testsuite name="Homepage.TC_03" tests="1" time="20.182" ignored="0" failures="0" timestamp="22 Aug 2017 15:48:54 GMT" skipped="0" hostname="MMDCDAJINKYABH" errors="0">
  <testcase name="verifyAaddToCart" time="20.182" classname="Homepage.TC_03"/>
</testsuite> <!-- Homepage.TC_03 -->
