<?xml version="1.0" encoding="UTF-8"?>
<!-- Generated by org.testng.reporters.JUnitReportReporter -->
<testsuite name="com.hybridframework.TestDataDrivenScript" tests="1" time="0.000" ignored="0" failures="0" timestamp="28 Dec 2017 09:02:14 GMT" skipped="1" hostname="MMDCDAJINKYABH" errors="0">
  <testcase name="testLogin" time="0.000" classname="com.hybridframework.TestDataDrivenScript">
    <skipped/>
  </testcase> <!-- testLogin -->
</testsuite> <!-- com.hybridframework.TestDataDrivenScript -->
